/ros2_workspace/install/track_navigation/lib/python3.10/site-packages/track_navigation/track_race.py
/ros2_workspace/install/track_navigation/lib/python3.10/site-packages/track_navigation/control.py
/ros2_workspace/install/track_navigation/lib/python3.10/site-packages/track_navigation/__init__.py
/ros2_workspace/install/track_navigation/lib/python3.10/site-packages/track_navigation/__pycache__/track_race.cpython-310.pyc
/ros2_workspace/install/track_navigation/lib/python3.10/site-packages/track_navigation/__pycache__/control.cpython-310.pyc
/ros2_workspace/install/track_navigation/lib/python3.10/site-packages/track_navigation/__pycache__/__init__.cpython-310.pyc
/ros2_workspace/install/track_navigation/share/ament_index/resource_index/packages/track_navigation
/ros2_workspace/install/track_navigation/share/track_navigation/package.xml
/ros2_workspace/install/track_navigation/share/track_navigation/launch/slam_with_rviz_launch.py
/ros2_workspace/install/track_navigation/share/track_navigation/launch/track_navigation_launch.py
/ros2_workspace/install/track_navigation/share/track_navigation/config
/ros2_workspace/install/track_navigation/lib/python3.10/site-packages/track_navigation-0.0.0-py3.10.egg-info/entry_points.txt
/ros2_workspace/install/track_navigation/lib/python3.10/site-packages/track_navigation-0.0.0-py3.10.egg-info/SOURCES.txt
/ros2_workspace/install/track_navigation/lib/python3.10/site-packages/track_navigation-0.0.0-py3.10.egg-info/zip-safe
/ros2_workspace/install/track_navigation/lib/python3.10/site-packages/track_navigation-0.0.0-py3.10.egg-info/PKG-INFO
/ros2_workspace/install/track_navigation/lib/python3.10/site-packages/track_navigation-0.0.0-py3.10.egg-info/top_level.txt
/ros2_workspace/install/track_navigation/lib/python3.10/site-packages/track_navigation-0.0.0-py3.10.egg-info/dependency_links.txt
/ros2_workspace/install/track_navigation/lib/python3.10/site-packages/track_navigation-0.0.0-py3.10.egg-info/requires.txt
/ros2_workspace/install/track_navigation/lib/track_navigation/track_control
/ros2_workspace/install/track_navigation/lib/track_navigation/track_race_node
