running egg_info
writing ../../build/track_navigation/track_navigation.egg-info/PKG-INFO
writing dependency_links to ../../build/track_navigation/track_navigation.egg-info/dependency_links.txt
writing entry points to ../../build/track_navigation/track_navigation.egg-info/entry_points.txt
writing requirements to ../../build/track_navigation/track_navigation.egg-info/requires.txt
writing top-level names to ../../build/track_navigation/track_navigation.egg-info/top_level.txt
reading manifest file '../../build/track_navigation/track_navigation.egg-info/SOURCES.txt'
writing manifest file '../../build/track_navigation/track_navigation.egg-info/SOURCES.txt'
running build
running build_py
running install
running install_lib
running install_data
creating /ros2_workspace/install/track_navigation/share/track_navigation/config
running install_egg_info
removing '/ros2_workspace/install/track_navigation/lib/python3.10/site-packages/track_navigation-0.0.0-py3.10.egg-info' (and everything under it)
Copying ../../build/track_navigation/track_navigation.egg-info to /ros2_workspace/install/track_navigation/lib/python3.10/site-packages/track_navigation-0.0.0-py3.10.egg-info
running install_scripts
Installing track_race_node script to /ros2_workspace/install/track_navigation/lib/track_navigation
writing list of installed files to '/ros2_workspace/build/track_navigation/install.log'
