[0.321s] Invoking command in '/ros2_workspace/src/track_navigation': PYTHONPATH=/ros2_workspace/build/track_navigation/prefix_override:/usr/lib/python3/dist-packages/colcon_core/task/python/colcon_distutils_commands:/ros2_workspace/install/track_navigation/lib/python3.10/site-packages:${PYTHONPATH} /usr/bin/python3 -W ignore:setup.py install is deprecated setup.py egg_info --egg-base ../../build/track_navigation build --build-base /ros2_workspace/build/track_navigation/build install --record /ros2_workspace/build/track_navigation/install.log --single-version-externally-managed install_data
[0.446s] running egg_info
[0.446s] writing ../../build/track_navigation/track_navigation.egg-info/PKG-INFO
[0.446s] writing dependency_links to ../../build/track_navigation/track_navigation.egg-info/dependency_links.txt
[0.446s] writing entry points to ../../build/track_navigation/track_navigation.egg-info/entry_points.txt
[0.446s] writing requirements to ../../build/track_navigation/track_navigation.egg-info/requires.txt
[0.446s] writing top-level names to ../../build/track_navigation/track_navigation.egg-info/top_level.txt
[0.447s] reading manifest file '../../build/track_navigation/track_navigation.egg-info/SOURCES.txt'
[0.448s] writing manifest file '../../build/track_navigation/track_navigation.egg-info/SOURCES.txt'
[0.448s] running build
[0.448s] running build_py
[0.448s] running install
[0.448s] running install_lib
[0.449s] running install_data
[0.449s] creating /ros2_workspace/install/track_navigation/share/track_navigation/config
[0.449s] running install_egg_info
[0.450s] removing '/ros2_workspace/install/track_navigation/lib/python3.10/site-packages/track_navigation-0.0.0-py3.10.egg-info' (and everything under it)
[0.450s] Copying ../../build/track_navigation/track_navigation.egg-info to /ros2_workspace/install/track_navigation/lib/python3.10/site-packages/track_navigation-0.0.0-py3.10.egg-info
[0.450s] running install_scripts
[0.462s] Installing track_race_node script to /ros2_workspace/install/track_navigation/lib/track_navigation
[0.462s] writing list of installed files to '/ros2_workspace/build/track_navigation/install.log'
[0.475s] Invoked command in '/ros2_workspace/src/track_navigation' returned '0': PYTHONPATH=/ros2_workspace/build/track_navigation/prefix_override:/usr/lib/python3/dist-packages/colcon_core/task/python/colcon_distutils_commands:/ros2_workspace/install/track_navigation/lib/python3.10/site-packages:${PYTHONPATH} /usr/bin/python3 -W ignore:setup.py install is deprecated setup.py egg_info --egg-base ../../build/track_navigation build --build-base /ros2_workspace/build/track_navigation/build install --record /ros2_workspace/build/track_navigation/install.log --single-version-externally-managed install_data
