[0.346s] Invoking command in '/ros2_workspace/src/track_navigation': PYTHONPATH=/ros2_workspace/build/track_navigation/prefix_override:/ros2_workspace/install/track_navigation/lib/python3.8/site-packages:${PYTHONPATH} /usr/bin/python3 setup.py egg_info --egg-base ../../build/track_navigation build --build-base /ros2_workspace/build/track_navigation/build install --record /ros2_workspace/build/track_navigation/install.log --single-version-externally-managed
[0.458s] running egg_info
[0.458s] writing ../../build/track_navigation/track_navigation.egg-info/PKG-INFO
[0.458s] writing dependency_links to ../../build/track_navigation/track_navigation.egg-info/dependency_links.txt
[0.459s] writing entry points to ../../build/track_navigation/track_navigation.egg-info/entry_points.txt
[0.459s] writing requirements to ../../build/track_navigation/track_navigation.egg-info/requires.txt
[0.459s] writing top-level names to ../../build/track_navigation/track_navigation.egg-info/top_level.txt
[0.479s] reading manifest file '../../build/track_navigation/track_navigation.egg-info/SOURCES.txt'
[0.479s] writing manifest file '../../build/track_navigation/track_navigation.egg-info/SOURCES.txt'
[0.479s] running build
[0.479s] running build_py
[0.479s] copying track_navigation/track_race.py -> /ros2_workspace/build/track_navigation/build/lib/track_navigation
[0.479s] running install
[0.480s] running install_lib
[0.480s] copying /ros2_workspace/build/track_navigation/build/lib/track_navigation/track_race.py -> /ros2_workspace/install/track_navigation/lib/python3.8/site-packages/track_navigation
[0.481s] byte-compiling /ros2_workspace/install/track_navigation/lib/python3.8/site-packages/track_navigation/track_race.py to track_race.cpython-38.pyc
[0.482s] running install_data
[0.482s] running install_egg_info
[0.483s] removing '/ros2_workspace/install/track_navigation/lib/python3.8/site-packages/track_navigation-0.0.0-py3.8.egg-info' (and everything under it)
[0.483s] Copying ../../build/track_navigation/track_navigation.egg-info to /ros2_workspace/install/track_navigation/lib/python3.8/site-packages/track_navigation-0.0.0-py3.8.egg-info
[0.484s] running install_scripts
[0.494s] Installing track_control script to /ros2_workspace/install/track_navigation/lib/track_navigation
[0.494s] Installing track_race_node script to /ros2_workspace/install/track_navigation/lib/track_navigation
[0.494s] writing list of installed files to '/ros2_workspace/build/track_navigation/install.log'
[0.506s] Invoked command in '/ros2_workspace/src/track_navigation' returned '0': PYTHONPATH=/ros2_workspace/build/track_navigation/prefix_override:/ros2_workspace/install/track_navigation/lib/python3.8/site-packages:${PYTHONPATH} /usr/bin/python3 setup.py egg_info --egg-base ../../build/track_navigation build --build-base /ros2_workspace/build/track_navigation/build install --record /ros2_workspace/build/track_navigation/install.log --single-version-externally-managed
