running develop
/usr/lib/python3/dist-packages/setuptools/command/easy_install.py:158: EasyInstallDeprecationWarning: easy_install command is deprecated. Use build and pip and other standards-based tools.
  warnings.warn(
running egg_info
writing track_navigation.egg-info/PKG-INFO
writing dependency_links to track_navigation.egg-info/dependency_links.txt
writing entry points to track_navigation.egg-info/entry_points.txt
writing requirements to track_navigation.egg-info/requires.txt
writing top-level names to track_navigation.egg-info/top_level.txt
reading manifest file 'track_navigation.egg-info/SOURCES.txt'
writing manifest file 'track_navigation.egg-info/SOURCES.txt'
running build_ext
Creating /ros2_workspace/install/track_navigation/lib/python3.10/site-packages/track-navigation.egg-link (link to .)
Installing track_race_node script to /ros2_workspace/install/track_navigation/lib/track_navigation

Installed /ros2_workspace/build/track_navigation
running symlink_data
symbolically linking /ros2_workspace/build/track_navigation/resource/track_navigation -> /ros2_workspace/install/track_navigation/share/ament_index/resource_index/packages
symbolically linking /ros2_workspace/build/track_navigation/package.xml -> /ros2_workspace/install/track_navigation/share/track_navigation
symbolically linking /ros2_workspace/build/track_navigation/launch/slam_with_rviz_launch.py -> /ros2_workspace/install/track_navigation/share/track_navigation/launch
symbolically linking /ros2_workspace/build/track_navigation/launch/track_navigation_launch.py -> /ros2_workspace/install/track_navigation/share/track_navigation/launch
