[0.329s] Invoking command in '/ros2_workspace/build/track_navigation': PYTHONPATH=/ros2_workspace/build/track_navigation/prefix_override:/usr/lib/python3/dist-packages/colcon_core/task/python/colcon_distutils_commands:/ros2_workspace/install/track_navigation/lib/python3.10/site-packages:${PYTHONPATH} /usr/bin/python3 -W ignore:setup.py install is deprecated setup.py develop --editable --build-directory /ros2_workspace/build/track_navigation/build --no-deps symlink_data --force
[0.471s] running develop
[0.471s] /usr/lib/python3/dist-packages/setuptools/command/easy_install.py:158: EasyInstallDeprecationWarning: easy_install command is deprecated. Use build and pip and other standards-based tools.
[0.471s]   warnings.warn(
[0.540s] running egg_info
[0.540s] writing track_navigation.egg-info/PKG-INFO
[0.540s] writing dependency_links to track_navigation.egg-info/dependency_links.txt
[0.540s] writing entry points to track_navigation.egg-info/entry_points.txt
[0.540s] writing requirements to track_navigation.egg-info/requires.txt
[0.540s] writing top-level names to track_navigation.egg-info/top_level.txt
[0.541s] reading manifest file 'track_navigation.egg-info/SOURCES.txt'
[0.542s] writing manifest file 'track_navigation.egg-info/SOURCES.txt'
[0.542s] running build_ext
[0.542s] Creating /ros2_workspace/install/track_navigation/lib/python3.10/site-packages/track-navigation.egg-link (link to .)
[0.543s] Installing track_race_node script to /ros2_workspace/install/track_navigation/lib/track_navigation
[0.543s] 
[0.543s] Installed /ros2_workspace/build/track_navigation
[0.543s] running symlink_data
[0.543s] symbolically linking /ros2_workspace/build/track_navigation/resource/track_navigation -> /ros2_workspace/install/track_navigation/share/ament_index/resource_index/packages
[0.543s] symbolically linking /ros2_workspace/build/track_navigation/package.xml -> /ros2_workspace/install/track_navigation/share/track_navigation
[0.543s] symbolically linking /ros2_workspace/build/track_navigation/launch/slam_with_rviz_launch.py -> /ros2_workspace/install/track_navigation/share/track_navigation/launch
[0.543s] symbolically linking /ros2_workspace/build/track_navigation/launch/track_navigation_launch.py -> /ros2_workspace/install/track_navigation/share/track_navigation/launch
[0.558s] Invoked command in '/ros2_workspace/build/track_navigation' returned '0': PYTHONPATH=/ros2_workspace/build/track_navigation/prefix_override:/usr/lib/python3/dist-packages/colcon_core/task/python/colcon_distutils_commands:/ros2_workspace/install/track_navigation/lib/python3.10/site-packages:${PYTHONPATH} /usr/bin/python3 -W ignore:setup.py install is deprecated setup.py develop --editable --build-directory /ros2_workspace/build/track_navigation/build --no-deps symlink_data --force
