[0.341s] Invoking command in '/ros2_workspace/src/track_navigation': PYTHONPATH=/ros2_workspace/build/track_navigation/prefix_override:/usr/lib/python3/dist-packages/colcon_core/task/python/colcon_distutils_commands:/ros2_workspace/install/track_navigation/lib/python3.10/site-packages:${PYTHONPATH} /usr/bin/python3 -W ignore:setup.py install is deprecated setup.py egg_info --egg-base ../../build/track_navigation build --build-base /ros2_workspace/build/track_navigation/build install --record /ros2_workspace/build/track_navigation/install.log --single-version-externally-managed install_data
[0.467s] running egg_info
[0.467s] creating ../../build/track_navigation/track_navigation.egg-info
[0.468s] writing ../../build/track_navigation/track_navigation.egg-info/PKG-INFO
[0.468s] writing dependency_links to ../../build/track_navigation/track_navigation.egg-info/dependency_links.txt
[0.468s] writing entry points to ../../build/track_navigation/track_navigation.egg-info/entry_points.txt
[0.468s] writing requirements to ../../build/track_navigation/track_navigation.egg-info/requires.txt
[0.468s] writing top-level names to ../../build/track_navigation/track_navigation.egg-info/top_level.txt
[0.468s] writing manifest file '../../build/track_navigation/track_navigation.egg-info/SOURCES.txt'
[0.469s] reading manifest file '../../build/track_navigation/track_navigation.egg-info/SOURCES.txt'
[0.469s] writing manifest file '../../build/track_navigation/track_navigation.egg-info/SOURCES.txt'
[0.469s] running build
[0.469s] running build_py
[0.469s] creating /ros2_workspace/build/track_navigation/build
[0.469s] creating /ros2_workspace/build/track_navigation/build/lib
[0.470s] creating /ros2_workspace/build/track_navigation/build/lib/track_navigation
[0.470s] copying track_navigation/track_race.py -> /ros2_workspace/build/track_navigation/build/lib/track_navigation
[0.470s] copying track_navigation/__init__.py -> /ros2_workspace/build/track_navigation/build/lib/track_navigation
[0.470s] running install
[0.470s] running install_lib
[0.470s] creating /ros2_workspace/install/track_navigation/lib/python3.10/site-packages/track_navigation
[0.470s] copying /ros2_workspace/build/track_navigation/build/lib/track_navigation/track_race.py -> /ros2_workspace/install/track_navigation/lib/python3.10/site-packages/track_navigation
[0.470s] copying /ros2_workspace/build/track_navigation/build/lib/track_navigation/__init__.py -> /ros2_workspace/install/track_navigation/lib/python3.10/site-packages/track_navigation
[0.470s] byte-compiling /ros2_workspace/install/track_navigation/lib/python3.10/site-packages/track_navigation/track_race.py to track_race.cpython-310.pyc
[0.470s] byte-compiling /ros2_workspace/install/track_navigation/lib/python3.10/site-packages/track_navigation/__init__.py to __init__.cpython-310.pyc
[0.470s] running install_data
[0.471s] creating /ros2_workspace/install/track_navigation/share/ament_index
[0.471s] creating /ros2_workspace/install/track_navigation/share/ament_index/resource_index
[0.471s] creating /ros2_workspace/install/track_navigation/share/ament_index/resource_index/packages
[0.471s] copying resource/track_navigation -> /ros2_workspace/install/track_navigation/share/ament_index/resource_index/packages
[0.471s] copying package.xml -> /ros2_workspace/install/track_navigation/share/track_navigation
[0.471s] creating /ros2_workspace/install/track_navigation/share/track_navigation/launch
[0.471s] copying launch/track_navigation_launch.py -> /ros2_workspace/install/track_navigation/share/track_navigation/launch
[0.471s] running install_egg_info
[0.472s] Copying ../../build/track_navigation/track_navigation.egg-info to /ros2_workspace/install/track_navigation/lib/python3.10/site-packages/track_navigation-0.0.0-py3.10.egg-info
[0.472s] running install_scripts
[0.485s] Installing track_race_node script to /ros2_workspace/install/track_navigation/lib/track_navigation
[0.485s] writing list of installed files to '/ros2_workspace/build/track_navigation/install.log'
[0.497s] Invoked command in '/ros2_workspace/src/track_navigation' returned '0': PYTHONPATH=/ros2_workspace/build/track_navigation/prefix_override:/usr/lib/python3/dist-packages/colcon_core/task/python/colcon_distutils_commands:/ros2_workspace/install/track_navigation/lib/python3.10/site-packages:${PYTHONPATH} /usr/bin/python3 -W ignore:setup.py install is deprecated setup.py egg_info --egg-base ../../build/track_navigation build --build-base /ros2_workspace/build/track_navigation/build install --record /ros2_workspace/build/track_navigation/install.log --single-version-externally-managed install_data
