running develop
Removing /ros2_workspace/install/track_navigation/lib/python3.10/site-packages/track-navigation.egg-link (link to .)
running egg_info
writing ../../build/track_navigation/track_navigation.egg-info/PKG-INFO
writing dependency_links to ../../build/track_navigation/track_navigation.egg-info/dependency_links.txt
writing entry points to ../../build/track_navigation/track_navigation.egg-info/entry_points.txt
writing requirements to ../../build/track_navigation/track_navigation.egg-info/requires.txt
writing top-level names to ../../build/track_navigation/track_navigation.egg-info/top_level.txt
reading manifest file '../../build/track_navigation/track_navigation.egg-info/SOURCES.txt'
writing manifest file '../../build/track_navigation/track_navigation.egg-info/SOURCES.txt'
running build
running build_py
copying track_navigation/track_race.py -> /ros2_workspace/build/track_navigation/build/lib/track_navigation
running install
running install_lib
creating /ros2_workspace/install/track_navigation/lib/python3.10/site-packages/track_navigation
copying /ros2_workspace/build/track_navigation/build/lib/track_navigation/track_race.py -> /ros2_workspace/install/track_navigation/lib/python3.10/site-packages/track_navigation
copying /ros2_workspace/build/track_navigation/build/lib/track_navigation/__init__.py -> /ros2_workspace/install/track_navigation/lib/python3.10/site-packages/track_navigation
byte-compiling /ros2_workspace/install/track_navigation/lib/python3.10/site-packages/track_navigation/track_race.py to track_race.cpython-310.pyc
byte-compiling /ros2_workspace/install/track_navigation/lib/python3.10/site-packages/track_navigation/__init__.py to __init__.cpython-310.pyc
running install_data
copying resource/track_navigation -> /ros2_workspace/install/track_navigation/share/ament_index/resource_index/packages
copying package.xml -> /ros2_workspace/install/track_navigation/share/track_navigation
copying launch/slam_with_rviz_launch.py -> /ros2_workspace/install/track_navigation/share/track_navigation/launch
copying launch/track_navigation_launch.py -> /ros2_workspace/install/track_navigation/share/track_navigation/launch
running install_egg_info
Copying ../../build/track_navigation/track_navigation.egg-info to /ros2_workspace/install/track_navigation/lib/python3.10/site-packages/track_navigation-0.0.0-py3.10.egg-info
running install_scripts
Installing track_race_node script to /ros2_workspace/install/track_navigation/lib/track_navigation
writing list of installed files to '/ros2_workspace/build/track_navigation/install.log'
