[0.318s] Invoking command in '/ros2_workspace/build/track_navigation': PYTHONPATH=/ros2_workspace/build/track_navigation/prefix_override:/usr/lib/python3/dist-packages/colcon_core/task/python/colcon_distutils_commands:/ros2_workspace/install/track_navigation/lib/python3.10/site-packages:${PYTHONPATH} /usr/bin/python3 -W ignore:setup.py install is deprecated setup.py develop --uninstall --editable --build-directory /ros2_workspace/build/track_navigation/build
[0.457s] running develop
[0.457s] /usr/lib/python3/dist-packages/setuptools/command/easy_install.py:158: EasyInstallDeprecationWarning: easy_install command is deprecated. Use build and pip and other standards-based tools.
[0.457s]   warnings.warn(
[0.528s] Removing /ros2_workspace/install/track_navigation/lib/python3.10/site-packages/track-navigation.egg-link (link to .)
[0.543s] Invoked command in '/ros2_workspace/build/track_navigation' returned '0': PYTHONPATH=/ros2_workspace/build/track_navigation/prefix_override:/usr/lib/python3/dist-packages/colcon_core/task/python/colcon_distutils_commands:/ros2_workspace/install/track_navigation/lib/python3.10/site-packages:${PYTHONPATH} /usr/bin/python3 -W ignore:setup.py install is deprecated setup.py develop --uninstall --editable --build-directory /ros2_workspace/build/track_navigation/build
[0.544s] Invoking command in '/ros2_workspace/src/track_navigation': PYTHONPATH=/ros2_workspace/build/track_navigation/prefix_override:/usr/lib/python3/dist-packages/colcon_core/task/python/colcon_distutils_commands:/ros2_workspace/install/track_navigation/lib/python3.10/site-packages:${PYTHONPATH} /usr/bin/python3 -W ignore:setup.py install is deprecated setup.py egg_info --egg-base ../../build/track_navigation build --build-base /ros2_workspace/build/track_navigation/build install --record /ros2_workspace/build/track_navigation/install.log --single-version-externally-managed install_data --force
[0.669s] running egg_info
[0.670s] writing ../../build/track_navigation/track_navigation.egg-info/PKG-INFO
[0.670s] writing dependency_links to ../../build/track_navigation/track_navigation.egg-info/dependency_links.txt
[0.670s] writing entry points to ../../build/track_navigation/track_navigation.egg-info/entry_points.txt
[0.670s] writing requirements to ../../build/track_navigation/track_navigation.egg-info/requires.txt
[0.670s] writing top-level names to ../../build/track_navigation/track_navigation.egg-info/top_level.txt
[0.671s] reading manifest file '../../build/track_navigation/track_navigation.egg-info/SOURCES.txt'
[0.671s] writing manifest file '../../build/track_navigation/track_navigation.egg-info/SOURCES.txt'
[0.672s] running build
[0.672s] running build_py
[0.672s] copying track_navigation/track_race.py -> /ros2_workspace/build/track_navigation/build/lib/track_navigation
[0.672s] running install
[0.672s] running install_lib
[0.672s] creating /ros2_workspace/install/track_navigation/lib/python3.10/site-packages/track_navigation
[0.672s] copying /ros2_workspace/build/track_navigation/build/lib/track_navigation/track_race.py -> /ros2_workspace/install/track_navigation/lib/python3.10/site-packages/track_navigation
[0.672s] copying /ros2_workspace/build/track_navigation/build/lib/track_navigation/__init__.py -> /ros2_workspace/install/track_navigation/lib/python3.10/site-packages/track_navigation
[0.673s] byte-compiling /ros2_workspace/install/track_navigation/lib/python3.10/site-packages/track_navigation/track_race.py to track_race.cpython-310.pyc
[0.673s] byte-compiling /ros2_workspace/install/track_navigation/lib/python3.10/site-packages/track_navigation/__init__.py to __init__.cpython-310.pyc
[0.673s] running install_data
[0.673s] copying resource/track_navigation -> /ros2_workspace/install/track_navigation/share/ament_index/resource_index/packages
[0.673s] copying package.xml -> /ros2_workspace/install/track_navigation/share/track_navigation
[0.673s] copying launch/slam_with_rviz_launch.py -> /ros2_workspace/install/track_navigation/share/track_navigation/launch
[0.673s] copying launch/track_navigation_launch.py -> /ros2_workspace/install/track_navigation/share/track_navigation/launch
[0.673s] running install_egg_info
[0.674s] Copying ../../build/track_navigation/track_navigation.egg-info to /ros2_workspace/install/track_navigation/lib/python3.10/site-packages/track_navigation-0.0.0-py3.10.egg-info
[0.675s] running install_scripts
[0.688s] Installing track_race_node script to /ros2_workspace/install/track_navigation/lib/track_navigation
[0.688s] writing list of installed files to '/ros2_workspace/build/track_navigation/install.log'
[0.700s] Invoked command in '/ros2_workspace/src/track_navigation' returned '0': PYTHONPATH=/ros2_workspace/build/track_navigation/prefix_override:/usr/lib/python3/dist-packages/colcon_core/task/python/colcon_distutils_commands:/ros2_workspace/install/track_navigation/lib/python3.10/site-packages:${PYTHONPATH} /usr/bin/python3 -W ignore:setup.py install is deprecated setup.py egg_info --egg-base ../../build/track_navigation build --build-base /ros2_workspace/build/track_navigation/build install --record /ros2_workspace/build/track_navigation/install.log --single-version-externally-managed install_data --force
