[0.452s] Invoking command in '/ros2_workspace/src/track_navigation': PYTHONPATH=/ros2_workspace/build/track_navigation/prefix_override:/ros2_workspace/install/track_navigation/lib/python3.8/site-packages:${PYTHONPATH} /usr/bin/python3 setup.py egg_info --egg-base ../../build/track_navigation build --build-base /ros2_workspace/build/track_navigation/build install --record /ros2_workspace/build/track_navigation/install.log --single-version-externally-managed
[0.581s] running egg_info
[0.582s] writing ../../build/track_navigation/track_navigation.egg-info/PKG-INFO
[0.582s] writing dependency_links to ../../build/track_navigation/track_navigation.egg-info/dependency_links.txt
[0.582s] writing entry points to ../../build/track_navigation/track_navigation.egg-info/entry_points.txt
[0.582s] writing requirements to ../../build/track_navigation/track_navigation.egg-info/requires.txt
[0.582s] writing top-level names to ../../build/track_navigation/track_navigation.egg-info/top_level.txt
[0.606s] reading manifest file '../../build/track_navigation/track_navigation.egg-info/SOURCES.txt'
[0.606s] writing manifest file '../../build/track_navigation/track_navigation.egg-info/SOURCES.txt'
[0.607s] running build
[0.607s] running build_py
[0.607s] copying track_navigation/track_race.py -> /ros2_workspace/build/track_navigation/build/lib/track_navigation
[0.607s] running install
[0.607s] running install_lib
[0.608s] copying /ros2_workspace/build/track_navigation/build/lib/track_navigation/track_race.py -> /ros2_workspace/install/track_navigation/lib/python3.8/site-packages/track_navigation
[0.609s] byte-compiling /ros2_workspace/install/track_navigation/lib/python3.8/site-packages/track_navigation/track_race.py to track_race.cpython-38.pyc
[0.610s] running install_data
[0.610s] running install_egg_info
[0.611s] removing '/ros2_workspace/install/track_navigation/lib/python3.8/site-packages/track_navigation-0.0.0-py3.8.egg-info' (and everything under it)
[0.612s] Copying ../../build/track_navigation/track_navigation.egg-info to /ros2_workspace/install/track_navigation/lib/python3.8/site-packages/track_navigation-0.0.0-py3.8.egg-info
[0.612s] running install_scripts
[0.624s] Installing track_control script to /ros2_workspace/install/track_navigation/lib/track_navigation
[0.624s] Installing track_race_node script to /ros2_workspace/install/track_navigation/lib/track_navigation
[0.624s] writing list of installed files to '/ros2_workspace/build/track_navigation/install.log'
[0.640s] Invoked command in '/ros2_workspace/src/track_navigation' returned '0': PYTHONPATH=/ros2_workspace/build/track_navigation/prefix_override:/ros2_workspace/install/track_navigation/lib/python3.8/site-packages:${PYTHONPATH} /usr/bin/python3 setup.py egg_info --egg-base ../../build/track_navigation build --build-base /ros2_workspace/build/track_navigation/build install --record /ros2_workspace/build/track_navigation/install.log --single-version-externally-managed
